<?xml version="1.0" encoding="UTF-8"?>
<!-- Generated by org.testng.reporters.JUnitReportReporter -->
<testsuite hostname="Rehams-MBP" failures="0" tests="1" name="Automation.AbsoluteXPath" time="10.436" errors="0" timestamp="2022-08-10T10:52:05 AST" skipped="0">
  <testcase classname="Automation.AbsoluteXPath" name="xPath" time="10.436"/>
  <system-out/>
</testsuite> <!-- Automation.AbsoluteXPath -->
