<?xml version="1.0" encoding="UTF-8"?>
<!-- Generated by org.testng.reporters.JUnitReportReporter -->
<testsuite hostname="Rehams-MBP" failures="0" tests="2" name="W10.W10" time="0.005" errors="0" timestamp="2022-08-10T12:02:27 AST" skipped="0">
  <testcase classname="W10.W10" name="simpleTest2" time="0.001"/>
  <system-out/>
  <testcase classname="W10.W10" name="simpleTest1" time="0.004"/>
  <system-out/>
</testsuite> <!-- W10.W10 -->
