<?xml version="1.0" encoding="UTF-8"?>
<!-- Generated by org.testng.reporters.JUnitReportReporter -->
<testsuite hostname="Rehams-MBP" failures="0" tests="1" name="Automation.WorkingwiththeScrollbarKW9D2A3$Scrollbar" time="13.203" errors="0" timestamp="2022-08-12T02:45:35 AST" skipped="0">
  <testcase classname="Automation.WorkingwiththeScrollbarKW9D2A3$Scrollbar" name="chromepage" time="13.203"/>
  <system-out/>
</testsuite> <!-- Automation.WorkingwiththeScrollbarKW9D2A3$Scrollbar -->
