<?xml version="1.0" encoding="UTF-8"?>
<!-- Generated by org.testng.reporters.JUnitReportReporter -->
<testsuite hostname="Rehams-MBP" failures="0" tests="1" name="Automation.WorkingwithkeyUpandkeyDownW9" time="22.173" errors="0" timestamp="2022-08-11T21:29:31 AST" skipped="0">
  <testcase classname="Automation.WorkingwithkeyUpandkeyDownW9" name="xPath" time="22.173"/>
  <system-out/>
</testsuite> <!-- Automation.WorkingwithkeyUpandkeyDownW9 -->
