<?xml version="1.0" encoding="UTF-8"?>
<!-- Generated by org.testng.reporters.JUnitReportReporter -->
<testsuite hostname="Rehams-MBP" failures="0" tests="1" name="Automation.WorkingwiththeScrollbarKW9D2A3$Scrollbar" time="26.489" errors="0" timestamp="2022-08-11T10:37:13 AST" skipped="0">
  <testcase classname="Automation.WorkingwiththeScrollbarKW9D2A3$Scrollbar" name="chromepage" time="26.489"/>
  <system-out/>
</testsuite> <!-- Automation.WorkingwiththeScrollbarKW9D2A3$Scrollbar -->
