<?xml version="1.0" encoding="UTF-8"?>
<!-- Generated by org.testng.reporters.JUnitReportReporter -->
<testsuite hostname="Rehams-MBP" failures="0" tests="1" name="Automation.containwithandor" time="14.040" errors="0" timestamp="2022-08-11T17:11:15 AST" skipped="0">
  <testcase classname="Automation.containwithandor" name="xPath" time="14.040"/>
  <system-out/>
</testsuite> <!-- Automation.containwithandor -->
