<?xml version="1.0" encoding="UTF-8"?>
<!-- Generated by org.testng.reporters.JUnitReportReporter -->
<testsuite hostname="Rehams-MBP" failures="0" tests="1" name="Automation.Sameattribute" time="18.923" errors="0" timestamp="2022-08-11T23:46:35 AST" skipped="0">
  <testcase classname="Automation.Sameattribute" name="xPath" time="18.923"/>
  <system-out/>
</testsuite> <!-- Automation.Sameattribute -->
