<?xml version="1.0" encoding="UTF-8"?>
<!-- Generated by org.testng.reporters.JUnitReportReporter -->
<testsuite hostname="Rehams-MBP" failures="0" tests="1" name="Automation.Automation1" time="27.825" errors="0" timestamp="2022-08-12T00:02:39 AST" skipped="0">
  <testcase classname="Automation.Automation1" name="xPath" time="27.825"/>
  <system-out/>
</testsuite> <!-- Automation.Automation1 -->
