<?xml version="1.0" encoding="UTF-8"?>
<!-- Generated by org.testng.reporters.JUnitReportReporter -->
<testsuite hostname="Rehams-MBP" failures="0" tests="1" name="Automation.AbsoluteXPath" time="11.997" errors="0" timestamp="2022-08-11T23:50:35 AST" skipped="0">
  <testcase classname="Automation.AbsoluteXPath" name="xPath" time="11.997"/>
  <system-out/>
</testsuite> <!-- Automation.AbsoluteXPath -->
