<?xml version="1.0" encoding="UTF-8"?>
<!-- Generated by org.testng.reporters.JUnitReportReporter -->
<testsuite hostname="Rehams-MBP" failures="0" tests="1" name="Automation.WorkingwithwebCrawlerusingSeleniumW9" time="36.267" errors="0" timestamp="2022-08-11T17:37:48 AST" skipped="0">
  <testcase classname="Automation.WorkingwithwebCrawlerusingSeleniumW9" name="Chromepage" time="36.267"/>
  <system-out/>
</testsuite> <!-- Automation.WorkingwithwebCrawlerusingSeleniumW9 -->
