<?xml version="1.0" encoding="UTF-8"?>
<!-- Generated by org.testng.reporters.JUnitReportReporter -->
<testsuite hostname="Rehams-MBP" failures="0" tests="2" name="W10.Class2" time="0.001" errors="0" timestamp="2022-08-10T12:02:27 AST" skipped="0">
  <testcase classname="W10.Class2" name="testcase3" time="0.000"/>
  <system-out/>
  <testcase classname="W10.Class2" name="testcase4" time="0.001"/>
  <system-out/>
</testsuite> <!-- W10.Class2 -->
