<?xml version="1.0" encoding="UTF-8"?>
<!-- Generated by org.testng.reporters.JUnitReportReporter -->
<testsuite hostname="Rehams-MBP" failures="0" tests="2" name="com.testng.TestNGClass1" time="0.008" errors="0" timestamp="2022-08-10T09:52:55 AST" skipped="0">
  <testcase classname="com.testng.TestNGClass1" name="test1002GroupYYY" time="0.002"/>
  <system-out/>
  <testcase classname="com.testng.TestNGClass1" name="test1001GroupXXX" time="0.006"/>
  <system-out/>
</testsuite> <!-- com.testng.TestNGClass1 -->
